[0626/214655:ERROR:process_info.cc(608)] range at 0xff113e3e00000000, size 0x73 fully unreadable
[0626/214655:ERROR:process_info.cc(608)] range at 0xff113ea600000000, size 0x73 fully unreadable
[0626/214655:ERROR:process_info.cc(608)] range at 0x0, size 0x73 fully unreadable
[0626/214655:ERROR:process_reader_win.cc(232)] ReadMemory at 0x73ff110860 of 65536 bytes failed: Only part of a ReadProcessMemory or WriteProcessMemory request was completed. (0x12B)
[0626/214655:ERROR:process_reader_win.cc(232)] ReadMemory at 0x7ffe52e130b0 of 40 bytes failed: Only part of a ReadProcessMemory or WriteProcessMemory request was completed. (0x12B)
[0626/214655:ERROR:process_snapshot_win.cc(517)] failed to read RTL_CRITICAL_SECTION
[0626/214655:ERROR:process_reader_win.cc(232)] ReadMemory at 0x7ff65c0c0000 of 64 bytes failed: Only part of a ReadProcessMemory or WriteProcessMemory request was completed. (0x12B)
[0626/214655:WARNING:pe_image_reader.cc(280)] could not read dos header from C:\Program Files (x86)\Google\Chrome\Application\chrome.exe
[0626/214655:ERROR:process_reader_win.cc(232)] ReadMemory at 0x7ffe52cd0000 of 64 bytes failed: Only part of a ReadProcessMemory or WriteProcessMemory request was completed. (0x12B)
[0626/214655:WARNING:pe_image_reader.cc(280)] could not read dos header from C:\Windows\SYSTEM32\ntdll.dll
[0626/214655:ERROR:process_reader_win.cc(232)] ReadMemory at 0x7ffe4fb50000 of 64 bytes failed: Only part of a ReadProcessMemory or WriteProcessMemory request was completed. (0x12B)
[0626/214655:WARNING:pe_image_reader.cc(280)] could not read dos header from C:\Windows\system32\KERNELBASE.dll
[0626/214655:ERROR:process_reader_win.cc(232)] ReadMemory at 0x7ffe508a0000 of 64 bytes failed: Only part of a ReadProcessMemory or WriteProcessMemory request was completed. (0x12B)
[0626/214655:WARNING:pe_image_reader.cc(280)] could not read dos header from C:\Windows\system32\KERNEL32.DLL
[0626/214655:ERROR:process_reader_win.cc(232)] ReadMemory at 0x7ffe52c30000 of 64 bytes failed: Only part of a ReadProcessMemory or WriteProcessMemory request was completed. (0x12B)
[0626/214655:WARNING:pe_image_reader.cc(280)] could not read dos header from C:\Windows\system32\msvcrt.dll
[0626/214655:ERROR:process_reader_win.cc(232)] ReadMemory at 0x7ffe50cf0000 of 64 bytes failed: Only part of a ReadProcessMemory or WriteProcessMemory request was completed. (0x12B)
[0626/214655:WARNING:pe_image_reader.cc(280)] could not read dos header from C:\Windows\system32\RPCRT4.dll
[0626/214655:ERROR:process_reader_win.cc(232)] ReadMemory at 0x7ffe511d0000 of 64 bytes failed: Only part of a ReadProcessMemory or WriteProcessMemory request was completed. (0x12B)
[0626/214655:WARNING:pe_image_reader.cc(280)] could not read dos header from C:\Windows\system32\sechost.dll
[0626/214655:ERROR:process_reader_win.cc(232)] ReadMemory at 0x7ffe50360000 of 64 bytes failed: Only part of a ReadProcessMemory or WriteProcessMemory request was completed. (0x12B)
[0626/214655:WARNING:pe_image_reader.cc(280)] could not read dos header from C:\Windows\system32\ADVAPI32.dll
[0626/214655:ERROR:process_reader_win.cc(232)] ReadMemory at 0x7ffe4f510000 of 64 bytes failed: Only part of a ReadProcessMemory or WriteProcessMemory request was completed. (0x12B)
[0626/214655:WARNING:pe_image_reader.cc(280)] could not read dos header from C:\Windows\SYSTEM32\bcryptPrimitives.dll
[0626/214655:ERROR:process_reader_win.cc(232)] ReadMemory at 0x7ffe4f1f0000 of 64 bytes failed: Only part of a ReadProcessMemory or WriteProcessMemory request was completed. (0x12B)
[0626/214655:WARNING:pe_image_reader.cc(280)] could not read dos header from C:\Windows\SYSTEM32\CRYPTBASE.DLL
[0626/214655:ERROR:process_reader_win.cc(232)] ReadMemory at 0x7ffe28830000 of 64 bytes failed: Only part of a ReadProcessMemory or WriteProcessMemory request was completed. (0x12B)
[0626/214655:WARNING:pe_image_reader.cc(280)] could not read dos header from C:\Program Files (x86)\Google\Chrome\Application\51.0.2704.103\chrome_elf.dll
[0626/214655:ERROR:process_reader_win.cc(232)] ReadMemory at 0x7ffe4e870000 of 64 bytes failed: Only part of a ReadProcessMemory or WriteProcessMemory request was completed. (0x12B)
[0626/214655:WARNING:pe_image_reader.cc(280)] could not read dos header from C:\Windows\SYSTEM32\VERSION.dll
[0626/214655:ERROR:process_reader_win.cc(232)] ReadMemory at 0x7ffe4f930000 of 64 bytes failed: Only part of a ReadProcessMemory or WriteProcessMemory request was completed. (0x12B)
[0626/214655:WARNING:pe_image_reader.cc(280)] could not read dos header from C:\Windows\system32\cfgmgr32.dll
[0626/214655:ERROR:process_reader_win.cc(232)] ReadMemory at 0x7ffe4dfc0000 of 64 bytes failed: Only part of a ReadProcessMemory or WriteProcessMemory request was completed. (0x12B)
[0626/214655:WARNING:pe_image_reader.cc(280)] could not read dos header from C:\Windows\SYSTEM32\DEVOBJ.dll
[0626/214655:ERROR:process_reader_win.cc(232)] ReadMemory at 0x7ffe4d3d0000 of 64 bytes failed: Only part of a ReadProcessMemory or WriteProcessMemory request was completed. (0x12B)
[0626/214655:WARNING:pe_image_reader.cc(280)] could not read dos header from C:\Windows\SYSTEM32\WINMMBASE.dll
[0626/214655:ERROR:process_reader_win.cc(232)] ReadMemory at 0x7ffe50e20000 of 64 bytes failed: Only part of a ReadProcessMemory or WriteProcessMemory request was completed. (0x12B)
[0626/214655:WARNING:pe_image_reader.cc(280)] could not read dos header from C:\Windows\system32\GDI32.dll
[0626/214655:ERROR:process_reader_win.cc(232)] ReadMemory at 0x7ffe512a0000 of 64 bytes failed: Only part of a ReadProcessMemory or WriteProcessMemory request was completed. (0x12B)
[0626/214655:WARNING:pe_image_reader.cc(280)] could not read dos header from C:\Windows\system32\USER32.dll
[0626/214655:ERROR:process_reader_win.cc(232)] ReadMemory at 0x7ffe50740000 of 64 bytes failed: Only part of a ReadProcessMemory or WriteProcessMemory request was completed. (0x12B)
[0626/214655:WARNING:pe_image_reader.cc(280)] could not read dos header from C:\Windows\system32\MSCTF.dll
[0626/214655:ERROR:process_reader_win.cc(232)] ReadMemory at 0x7ffe50480000 of 64 bytes failed: Only part of a ReadProcessMemory or WriteProcessMemory request was completed. (0x12B)
[0626/214655:WARNING:pe_image_reader.cc(280)] could not read dos header from C:\Windows\system32\IMM32.DLL
[0626/214655:ERROR:process_reader_win.cc(232)] ReadMemory at 0x7ffe4d430000 of 64 bytes failed: Only part of a ReadProcessMemory or WriteProcessMemory request was completed. (0x12B)
[0626/214655:WARNING:pe_image_reader.cc(280)] could not read dos header from C:\Windows\SYSTEM32\WINMM.dll
[0626/214655:ERROR:process_reader_win.cc(232)] ReadMemory at 0x7ffe4f6f0000 of 64 bytes failed: Only part of a ReadProcessMemory or WriteProcessMemory request was completed. (0x12B)
[0626/214655:WARNING:pe_image_reader.cc(280)] could not read dos header from C:\Windows\system32\profapi.dll
[0626/214655:ERROR:process_reader_win.cc(232)] ReadMemory at 0x7ffe4ed80000 of 64 bytes failed: Only part of a ReadProcessMemory or WriteProcessMemory request was completed. (0x12B)
[0626/214655:WARNING:pe_image_reader.cc(280)] could not read dos header from C:\Windows\SYSTEM32\USERENV.dll
[0626/214655:ERROR:process_reader_win.cc(232)] ReadMemory at 0x7ffe4cf00000 of 64 bytes failed: Only part of a ReadProcessMemory or WriteProcessMemory request was completed. (0x12B)
[0626/214655:WARNING:pe_image_reader.cc(280)] could not read dos header from C:\Windows\SYSTEM32\WTSAPI32.dll
[0626/214655:ERROR:process_reader_win.cc(232)] ReadMemory at 0x7ffe4c780000 of 64 bytes failed: Only part of a ReadProcessMemory or WriteProcessMemory request was completed. (0x12B)
[0626/214655:WARNING:pe_image_reader.cc(280)] could not read dos header from C:\Windows\SYSTEM32\WINHTTP.dll
[0626/214655:ERROR:process_reader_win.cc(232)] ReadMemory at 0x7ffe504c0000 of 64 bytes failed: Only part of a ReadProcessMemory or WriteProcessMemory request was completed. (0x12B)
[0626/214655:WARNING:pe_image_reader.cc(280)] could not read dos header from C:\Windows\system32\combase.dll
[0626/214655:ERROR:process_reader_win.cc(232)] ReadMemory at 0x7ffe50fb0000 of 64 bytes failed: Only part of a ReadProcessMemory or WriteProcessMemory request was completed. (0x12B)
[0626/214655:WARNING:pe_image_reader.cc(280)] could not read dos header from C:\Windows\system32\shlwapi.dll
[0626/214655:ERROR:process_reader_win.cc(232)] ReadMemory at 0x7ffe4f6e0000 of 64 bytes failed: Only part of a ReadProcessMemory or WriteProcessMemory request was completed. (0x12B)
[0626/214655:WARNING:pe_image_reader.cc(280)] could not read dos header from C:\Windows\system32\kernel.appcore.dll
[0626/214655:ERROR:process_reader_win.cc(232)] ReadMemory at 0x7ffe4fa30000 of 64 bytes failed: Only part of a ReadProcessMemory or WriteProcessMemory request was completed. (0x12B)
[0626/214655:WARNING:pe_image_reader.cc(280)] could not read dos header from C:\Windows\system32\shcore.dll
[0626/214655:ERROR:process_reader_win.cc(232)] ReadMemory at 0x7ffe4f710000 of 64 bytes failed: Only part of a ReadProcessMemory or WriteProcessMemory request was completed. (0x12B)
[0626/214655:WARNING:pe_image_reader.cc(280)] could not read dos header from C:\Windows\system32\powrprof.dll
[0626/214655:ERROR:process_reader_win.cc(232)] ReadMemory at 0x7ffe4fd30000 of 64 bytes failed: Only part of a ReadProcessMemory or WriteProcessMemory request was completed. (0x12B)
[0626/214655:WARNING:pe_image_reader.cc(280)] could not read dos header from C:\Windows\system32\windows.storage.dll
[0626/214655:ERROR:process_reader_win.cc(232)] ReadMemory at 0x7ffe51600000 of 64 bytes failed: Only part of a ReadProcessMemory or WriteProcessMemory request was completed. (0x12B)
[0626/214655:WARNING:pe_image_reader.cc(280)] could not read dos header from C:\Windows\system32\SHELL32.dll
[0626/214655:ERROR:process_reader_win.cc(232)] ReadMemory at 0x7ffe52b70000 of 64 bytes failed: Only part of a ReadProcessMemory or WriteProcessMemory request was completed. (0x12B)
[0626/214655:WARNING:pe_image_reader.cc(280)] could not read dos header from C:\Windows\system32\OLEAUT32.dll
[0626/214655:ERROR:process_reader_win.cc(232)] ReadMemory at 0x7ffe50960000 of 64 bytes failed: Only part of a ReadProcessMemory or WriteProcessMemory request was completed. (0x12B)
[0626/214655:WARNING:pe_image_reader.cc(280)] could not read dos header from C:\Windows\system32\PSAPI.DLL
[0626/214655:ERROR:process_reader_win.cc(232)] ReadMemory at 0x7ffe4f200000 of 64 bytes failed: Only part of a ReadProcessMemory or WriteProcessMemory request was completed. (0x12B)
[0626/214655:WARNING:pe_image_reader.cc(280)] could not read dos header from C:\Windows\SYSTEM32\bcrypt.dll
[0626/214655:ERROR:process_reader_win.cc(232)] ReadMemory at 0x7ffe4aa00000 of 64 bytes failed: Only part of a ReadProcessMemory or WriteProcessMemory request was completed. (0x12B)
[0626/214655:WARNING:pe_image_reader.cc(280)] could not read dos header from C:\Windows\SYSTEM32\WINSPOOL.DRV
[0626/214655:ERROR:process_reader_win.cc(232)] ReadMemory at 0x7ffe4b7c0000 of 64 bytes failed: Only part of a ReadProcessMemory or WriteProcessMemory request was completed. (0x12B)
[0626/214655:WARNING:pe_image_reader.cc(280)] could not read dos header from C:\Windows\WinSxS\amd64_microsoft.windows.common-controls_6595b64144ccf1df_6.0.10240.16384_none_f41f7b285750ef43\COMCTL32.dll
[0626/214655:ERROR:process_reader_win.cc(232)] ReadMemory at 0x7ffe513f0000 of 64 bytes failed: Only part of a ReadProcessMemory or WriteProcessMemory request was completed. (0x12B)
[0626/214655:WARNING:pe_image_reader.cc(280)] could not read dos header from C:\Windows\system32\COMDLG32.dll
[0626/214655:ERROR:process_reader_win.cc(232)] ReadMemory at 0x7ffe51080000 of 64 bytes failed: Only part of a ReadProcessMemory or WriteProcessMemory request was completed. (0x12B)
[0626/214655:WARNING:pe_image_reader.cc(280)] could not read dos header from C:\Windows\system32\ole32.dll
[0626/214655:ERROR:process_reader_win.cc(232)] ReadMemory at 0x7ffe51230000 of 64 bytes failed: Only part of a ReadProcessMemory or WriteProcessMemory request was completed. (0x12B)
[0626/214655:WARNING:pe_image_reader.cc(280)] could not read dos header from C:\Windows\system32\NSI.dll
[0626/214655:ERROR:process_reader_win.cc(232)] ReadMemory at 0x7ffe4c750000 of 64 bytes failed: Only part of a ReadProcessMemory or WriteProcessMemory request was completed. (0x12B)
[0626/214655:WARNING:pe_image_reader.cc(280)] could not read dos header from C:\Windows\SYSTEM32\WINNSI.DLL
[0626/214655:ERROR:process_reader_win.cc(232)] ReadMemory at 0x7ffe4c8c0000 of 64 bytes failed: Only part of a ReadProcessMemory or WriteProcessMemory request was completed. (0x12B)
[0626/214655:WARNING:pe_image_reader.cc(280)] could not read dos header from C:\Windows\SYSTEM32\IPHLPAPI.DLL
[0626/214655:ERROR:process_reader_win.cc(232)] ReadMemory at 0x7ffe51010000 of 64 bytes failed: Only part of a ReadProcessMemory or WriteProcessMemory request was completed. (0x12B)
[0626/214655:WARNING:pe_image_reader.cc(280)] could not read dos header from C:\Windows\system32\WS2_32.dll
[0626/214655:ERROR:process_reader_win.cc(232)] ReadMemory at 0x7ffe4c4a0000 of 64 bytes failed: Only part of a ReadProcessMemory or WriteProcessMemory request was completed. (0x12B)
[0626/214655:WARNING:pe_image_reader.cc(280)] could not read dos header from C:\Windows\SYSTEM32\USP10.dll
[0626/214655:ERROR:process_reader_win.cc(232)] ReadMemory at 0x7ffe4f6c0000 of 64 bytes failed: Only part of a ReadProcessMemory or WriteProcessMemory request was completed. (0x12B)
[0626/214655:WARNING:pe_image_reader.cc(280)] could not read dos header from C:\Windows\system32\MSASN1.dll
[0626/214655:ERROR:process_reader_win.cc(232)] ReadMemory at 0x7ffe4f760000 of 64 bytes failed: Only part of a ReadProcessMemory or WriteProcessMemory request was completed. (0x12B)
[0626/214655:WARNING:pe_image_reader.cc(280)] could not read dos header from C:\Windows\system32\CRYPT32.dll
[0626/214655:ERROR:process_reader_win.cc(232)] ReadMemory at 0x7ffe4faf0000 of 64 bytes failed: Only part of a ReadProcessMemory or WriteProcessMemory request was completed. (0x12B)
[0626/214655:WARNING:pe_image_reader.cc(280)] could not read dos header from C:\Windows\system32\WINTRUST.dll
[0626/214655:ERROR:process_reader_win.cc(232)] ReadMemory at 0x7ffe4c740000 of 64 bytes failed: Only part of a ReadProcessMemory or WriteProcessMemory request was completed. (0x12B)
[0626/214655:WARNING:pe_image_reader.cc(280)] could not read dos header from C:\Windows\SYSTEM32\Secur32.dll
[0626/214655:ERROR:process_reader_win.cc(232)] ReadMemory at 0x7ffe4f310000 of 64 bytes failed: Only part of a ReadProcessMemory or WriteProcessMemory request was completed. (0x12B)
[0626/214655:WARNING:pe_image_reader.cc(280)] could not read dos header from C:\Windows\SYSTEM32\SSPICLI.DLL
[0626/214655:ERROR:process_reader_win.cc(232)] ReadMemory at 0x7ffe0c4e0000 of 64 bytes failed: Only part of a ReadProcessMemory or WriteProcessMemory request was completed. (0x12B)
[0626/214655:WARNING:pe_image_reader.cc(280)] could not read dos header from C:\Program Files (x86)\Google\Chrome\Application\51.0.2704.103\chrome_child.dll
[0626/214655:ERROR:process_reader_win.cc(232)] ReadMemory at 0x7ffe455b0000 of 64 bytes failed: Only part of a ReadProcessMemory or WriteProcessMemory request was completed. (0x12B)
[0626/214655:WARNING:pe_image_reader.cc(280)] could not read dos header from C:\Windows\SYSTEM32\dwrite.dll
[0626/214655:ERROR:process_reader_win.cc(232)] ReadMemory at 0x7ffe52e16300 of 6656 bytes failed: Only part of a ReadProcessMemory or WriteProcessMemory request was completed. (0x12B)
[0626/214655:ERROR:process_reader_win.cc(232)] ReadMemory at 0x7ff65c0c0000 of 64 bytes failed: Only part of a ReadProcessMemory or WriteProcessMemory request was completed. (0x12B)
[0626/214655:WARNING:pe_image_reader.cc(280)] could not read dos header from C:\Program Files (x86)\Google\Chrome\Application\chrome.exe
[0626/214655:ERROR:process_reader_win.cc(232)] ReadMemory at 0x7ffe52cd0000 of 64 bytes failed: Only part of a ReadProcessMemory or WriteProcessMemory request was completed. (0x12B)
[0626/214655:WARNING:pe_image_reader.cc(280)] could not read dos header from C:\Windows\SYSTEM32\ntdll.dll
[0626/214655:ERROR:process_reader_win.cc(232)] ReadMemory at 0x7ffe4fb50000 of 64 bytes failed: Only part of a ReadProcessMemory or WriteProcessMemory request was completed. (0x12B)
[0626/214655:WARNING:pe_image_reader.cc(280)] could not read dos header from C:\Windows\system32\KERNELBASE.dll
[0626/214655:ERROR:process_reader_win.cc(232)] ReadMemory at 0x7ffe508a0000 of 64 bytes failed: Only part of a ReadProcessMemory or WriteProcessMemory request was completed. (0x12B)
[0626/214655:WARNING:pe_image_reader.cc(280)] could not read dos header from C:\Windows\system32\KERNEL32.DLL
[0626/214655:ERROR:process_reader_win.cc(232)] ReadMemory at 0x7ffe52c30000 of 64 bytes failed: Only part of a ReadProcessMemory or WriteProcessMemory request was completed. (0x12B)
[0626/214655:WARNING:pe_image_reader.cc(280)] could not read dos header from C:\Windows\system32\msvcrt.dll
[0626/214655:ERROR:process_reader_win.cc(232)] ReadMemory at 0x7ffe50cf0000 of 64 bytes failed: Only part of a ReadProcessMemory or WriteProcessMemory request was completed. (0x12B)
[0626/214655:WARNING:pe_image_reader.cc(280)] could not read dos header from C:\Windows\system32\RPCRT4.dll
[0626/214655:ERROR:process_reader_win.cc(232)] ReadMemory at 0x7ffe511d0000 of 64 bytes failed: Only part of a ReadProcessMemory or WriteProcessMemory request was completed. (0x12B)
[0626/214655:WARNING:pe_image_reader.cc(280)] could not read dos header from C:\Windows\system32\sechost.dll
[0626/214655:ERROR:process_reader_win.cc(232)] ReadMemory at 0x7ffe50360000 of 64 bytes failed: Only part of a ReadProcessMemory or WriteProcessMemory request was completed. (0x12B)
[0626/214655:WARNING:pe_image_reader.cc(280)] could not read dos header from C:\Windows\system32\ADVAPI32.dll
[0626/214655:ERROR:process_reader_win.cc(232)] ReadMemory at 0x7ffe4f510000 of 64 bytes failed: Only part of a ReadProcessMemory or WriteProcessMemory request was completed. (0x12B)
[0626/214655:WARNING:pe_image_reader.cc(280)] could not read dos header from C:\Windows\SYSTEM32\bcryptPrimitives.dll
[0626/214655:ERROR:process_reader_win.cc(232)] ReadMemory at 0x7ffe4f1f0000 of 64 bytes failed: Only part of a ReadProcessMemory or WriteProcessMemory request was completed. (0x12B)
[0626/214655:WARNING:pe_image_reader.cc(280)] could not read dos header from C:\Windows\SYSTEM32\CRYPTBASE.DLL
[0626/214655:ERROR:process_reader_win.cc(232)] ReadMemory at 0x7ffe28830000 of 64 bytes failed: Only part of a ReadProcessMemory or WriteProcessMemory request was completed. (0x12B)
[0626/214655:WARNING:pe_image_reader.cc(280)] could not read dos header from C:\Program Files (x86)\Google\Chrome\Application\51.0.2704.103\chrome_elf.dll
[0626/214655:ERROR:process_reader_win.cc(232)] ReadMemory at 0x7ffe4e870000 of 64 bytes failed: Only part of a ReadProcessMemory or WriteProcessMemory request was completed. (0x12B)
[0626/214655:WARNING:pe_image_reader.cc(280)] could not read dos header from C:\Windows\SYSTEM32\VERSION.dll
[0626/214655:ERROR:process_reader_win.cc(232)] ReadMemory at 0x7ffe4f930000 of 64 bytes failed: Only part of a ReadProcessMemory or WriteProcessMemory request was completed. (0x12B)
[0626/214655:WARNING:pe_image_reader.cc(280)] could not read dos header from C:\Windows\system32\cfgmgr32.dll
[0626/214655:ERROR:process_reader_win.cc(232)] ReadMemory at 0x7ffe4dfc0000 of 64 bytes failed: Only part of a ReadProcessMemory or WriteProcessMemory request was completed. (0x12B)
[0626/214655:WARNING:pe_image_reader.cc(280)] could not read dos header from C:\Windows\SYSTEM32\DEVOBJ.dll
[0626/214655:ERROR:process_reader_win.cc(232)] ReadMemory at 0x7ffe4d3d0000 of 64 bytes failed: Only part of a ReadProcessMemory or WriteProcessMemory request was completed. (0x12B)
[0626/214655:WARNING:pe_image_reader.cc(280)] could not read dos header from C:\Windows\SYSTEM32\WINMMBASE.dll
[0626/214655:ERROR:process_reader_win.cc(232)] ReadMemory at 0x7ffe50e20000 of 64 bytes failed: Only part of a ReadProcessMemory or WriteProcessMemory request was completed. (0x12B)
[0626/214655:WARNING:pe_image_reader.cc(280)] could not read dos header from C:\Windows\system32\GDI32.dll
[0626/214655:ERROR:process_reader_win.cc(232)] ReadMemory at 0x7ffe512a0000 of 64 bytes failed: Only part of a ReadProcessMemory or WriteProcessMemory request was completed. (0x12B)
[0626/214655:WARNING:pe_image_reader.cc(280)] could not read dos header from C:\Windows\system32\USER32.dll
[0626/214655:ERROR:process_reader_win.cc(232)] ReadMemory at 0x7ffe50740000 of 64 bytes failed: Only part of a ReadProcessMemory or WriteProcessMemory request was completed. (0x12B)
[0626/214655:WARNING:pe_image_reader.cc(280)] could not read dos header from C:\Windows\system32\MSCTF.dll
[0626/214655:ERROR:process_reader_win.cc(232)] ReadMemory at 0x7ffe50480000 of 64 bytes failed: Only part of a ReadProcessMemory or WriteProcessMemory request was completed. (0x12B)
[0626/214655:WARNING:pe_image_reader.cc(280)] could not read dos header from C:\Windows\system32\IMM32.DLL
[0626/214655:ERROR:process_reader_win.cc(232)] ReadMemory at 0x7ffe4d430000 of 64 bytes failed: Only part of a ReadProcessMemory or WriteProcessMemory request was completed. (0x12B)
[0626/214655:WARNING:pe_image_reader.cc(280)] could not read dos header from C:\Windows\SYSTEM32\WINMM.dll
[0626/214655:ERROR:process_reader_win.cc(232)] ReadMemory at 0x7ffe4f6f0000 of 64 bytes failed: Only part of a ReadProcessMemory or WriteProcessMemory request was completed. (0x12B)
[0626/214655:WARNING:pe_image_reader.cc(280)] could not read dos header from C:\Windows\system32\profapi.dll
[0626/214655:ERROR:process_reader_win.cc(232)] ReadMemory at 0x7ffe4ed80000 of 64 bytes failed: Only part of a ReadProcessMemory or WriteProcessMemory request was completed. (0x12B)
[0626/214655:WARNING:pe_image_reader.cc(280)] could not read dos header from C:\Windows\SYSTEM32\USERENV.dll
[0626/214655:ERROR:process_reader_win.cc(232)] ReadMemory at 0x7ffe4cf00000 of 64 bytes failed: Only part of a ReadProcessMemory or WriteProcessMemory request was completed. (0x12B)
[0626/214655:WARNING:pe_image_reader.cc(280)] could not read dos header from C:\Windows\SYSTEM32\WTSAPI32.dll
[0626/214655:ERROR:process_reader_win.cc(232)] ReadMemory at 0x7ffe4c780000 of 64 bytes failed: Only part of a ReadProcessMemory or WriteProcessMemory request was completed. (0x12B)
[0626/214655:WARNING:pe_image_reader.cc(280)] could not read dos header from C:\Windows\SYSTEM32\WINHTTP.dll
[0626/214655:ERROR:process_reader_win.cc(232)] ReadMemory at 0x7ffe504c0000 of 64 bytes failed: Only part of a ReadProcessMemory or WriteProcessMemory request was completed. (0x12B)
[0626/214655:WARNING:pe_image_reader.cc(280)] could not read dos header from C:\Windows\system32\combase.dll
[0626/214655:ERROR:process_reader_win.cc(232)] ReadMemory at 0x7ffe50fb0000 of 64 bytes failed: Only part of a ReadProcessMemory or WriteProcessMemory request was completed. (0x12B)
[0626/214655:WARNING:pe_image_reader.cc(280)] could not read dos header from C:\Windows\system32\shlwapi.dll
[0626/214655:ERROR:process_reader_win.cc(232)] ReadMemory at 0x7ffe4f6e0000 of 64 bytes failed: Only part of a ReadProcessMemory or WriteProcessMemory request was completed. (0x12B)
[0626/214655:WARNING:pe_image_reader.cc(280)] could not read dos header from C:\Windows\system32\kernel.appcore.dll
[0626/214655:ERROR:process_reader_win.cc(232)] ReadMemory at 0x7ffe4fa30000 of 64 bytes failed: Only part of a ReadProcessMemory or WriteProcessMemory request was completed. (0x12B)
[0626/214655:WARNING:pe_image_reader.cc(280)] could not read dos header from C:\Windows\system32\shcore.dll
[0626/214655:ERROR:process_reader_win.cc(232)] ReadMemory at 0x7ffe4f710000 of 64 bytes failed: Only part of a ReadProcessMemory or WriteProcessMemory request was completed. (0x12B)
[0626/214655:WARNING:pe_image_reader.cc(280)] could not read dos header from C:\Windows\system32\powrprof.dll
[0626/214655:ERROR:process_reader_win.cc(232)] ReadMemory at 0x7ffe4fd30000 of 64 bytes failed: Only part of a ReadProcessMemory or WriteProcessMemory request was completed. (0x12B)
[0626/214655:WARNING:pe_image_reader.cc(280)] could not read dos header from C:\Windows\system32\windows.storage.dll
[0626/214655:ERROR:process_reader_win.cc(232)] ReadMemory at 0x7ffe51600000 of 64 bytes failed: Only part of a ReadProcessMemory or WriteProcessMemory request was completed. (0x12B)
[0626/214655:WARNING:pe_image_reader.cc(280)] could not read dos header from C:\Windows\system32\SHELL32.dll
[0626/214655:ERROR:process_reader_win.cc(232)] ReadMemory at 0x7ffe52b70000 of 64 bytes failed: Only part of a ReadProcessMemory or WriteProcessMemory request was completed. (0x12B)
[0626/214655:WARNING:pe_image_reader.cc(280)] could not read dos header from C:\Windows\system32\OLEAUT32.dll
[0626/214655:ERROR:process_reader_win.cc(232)] ReadMemory at 0x7ffe50960000 of 64 bytes failed: Only part of a ReadProcessMemory or WriteProcessMemory request was completed. (0x12B)
[0626/214655:WARNING:pe_image_reader.cc(280)] could not read dos header from C:\Windows\system32\PSAPI.DLL
[0626/214655:ERROR:process_reader_win.cc(232)] ReadMemory at 0x7ffe4f200000 of 64 bytes failed: Only part of a ReadProcessMemory or WriteProcessMemory request was completed. (0x12B)
[0626/214655:WARNING:pe_image_reader.cc(280)] could not read dos header from C:\Windows\SYSTEM32\bcrypt.dll
[0626/214655:ERROR:process_reader_win.cc(232)] ReadMemory at 0x7ffe4aa00000 of 64 bytes failed: Only part of a ReadProcessMemory or WriteProcessMemory request was completed. (0x12B)
[0626/214655:WARNING:pe_image_reader.cc(280)] could not read dos header from C:\Windows\SYSTEM32\WINSPOOL.DRV
[0626/214655:ERROR:process_reader_win.cc(232)] ReadMemory at 0x7ffe4b7c0000 of 64 bytes failed: Only part of a ReadProcessMemory or WriteProcessMemory request was completed. (0x12B)
[0626/214655:WARNING:pe_image_reader.cc(280)] could not read dos header from C:\Windows\WinSxS\amd64_microsoft.windows.common-controls_6595b64144ccf1df_6.0.10240.16384_none_f41f7b285750ef43\COMCTL32.dll
[0626/214655:ERROR:process_reader_win.cc(232)] ReadMemory at 0x7ffe513f0000 of 64 bytes failed: Only part of a ReadProcessMemory or WriteProcessMemory request was completed. (0x12B)
[0626/214655:WARNING:pe_image_reader.cc(280)] could not read dos header from C:\Windows\system32\COMDLG32.dll
[0626/214655:ERROR:process_reader_win.cc(232)] ReadMemory at 0x7ffe51080000 of 64 bytes failed: Only part of a ReadProcessMemory or WriteProcessMemory request was completed. (0x12B)
[0626/214655:WARNING:pe_image_reader.cc(280)] could not read dos header from C:\Windows\system32\ole32.dll
[0626/214655:ERROR:process_reader_win.cc(232)] ReadMemory at 0x7ffe51230000 of 64 bytes failed: Only part of a ReadProcessMemory or WriteProcessMemory request was completed. (0x12B)
[0626/214655:WARNING:pe_image_reader.cc(280)] could not read dos header from C:\Windows\system32\NSI.dll
[0626/214655:ERROR:process_reader_win.cc(232)] ReadMemory at 0x7ffe4c750000 of 64 bytes failed: Only part of a ReadProcessMemory or WriteProcessMemory request was completed. (0x12B)
[0626/214655:WARNING:pe_image_reader.cc(280)] could not read dos header from C:\Windows\SYSTEM32\WINNSI.DLL
[0626/214655:ERROR:process_reader_win.cc(232)] ReadMemory at 0x7ffe4c8c0000 of 64 bytes failed: Only part of a ReadProcessMemory or WriteProcessMemory request was completed. (0x12B)
[0626/214655:WARNING:pe_image_reader.cc(280)] could not read dos header from C:\Windows\SYSTEM32\IPHLPAPI.DLL
[0626/214655:ERROR:process_reader_win.cc(232)] ReadMemory at 0x7ffe51010000 of 64 bytes failed: Only part of a ReadProcessMemory or WriteProcessMemory request was completed. (0x12B)
[0626/214655:WARNING:pe_image_reader.cc(280)] could not read dos header from C:\Windows\system32\WS2_32.dll
[0626/214655:ERROR:process_reader_win.cc(232)] ReadMemory at 0x7ffe4c4a0000 of 64 bytes failed: Only part of a ReadProcessMemory or WriteProcessMemory request was completed. (0x12B)
[0626/214655:WARNING:pe_image_reader.cc(280)] could not read dos header from C:\Windows\SYSTEM32\USP10.dll
[0626/214655:ERROR:process_reader_win.cc(232)] ReadMemory at 0x7ffe4f6c0000 of 64 bytes failed: Only part of a ReadProcessMemory or WriteProcessMemory request was completed. (0x12B)
[0626/214655:WARNING:pe_image_reader.cc(280)] could not read dos header from C:\Windows\system32\MSASN1.dll
[0626/214655:ERROR:process_reader_win.cc(232)] ReadMemory at 0x7ffe4f760000 of 64 bytes failed: Only part of a ReadProcessMemory or WriteProcessMemory request was completed. (0x12B)
[0626/214655:WARNING:pe_image_reader.cc(280)] could not read dos header from C:\Windows\system32\CRYPT32.dll
[0626/214655:ERROR:process_reader_win.cc(232)] ReadMemory at 0x7ffe4faf0000 of 64 bytes failed: Only part of a ReadProcessMemory or WriteProcessMemory request was completed. (0x12B)
[0626/214655:WARNING:pe_image_reader.cc(280)] could not read dos header from C:\Windows\system32\WINTRUST.dll
[0626/214655:ERROR:process_reader_win.cc(232)] ReadMemory at 0x7ffe4c740000 of 64 bytes failed: Only part of a ReadProcessMemory or WriteProcessMemory request was completed. (0x12B)
[0626/214655:WARNING:pe_image_reader.cc(280)] could not read dos header from C:\Windows\SYSTEM32\Secur32.dll
[0626/214655:ERROR:process_reader_win.cc(232)] ReadMemory at 0x7ffe4f310000 of 64 bytes failed: Only part of a ReadProcessMemory or WriteProcessMemory request was completed. (0x12B)
[0626/214655:WARNING:pe_image_reader.cc(280)] could not read dos header from C:\Windows\SYSTEM32\SSPICLI.DLL
[0626/214655:ERROR:process_reader_win.cc(232)] ReadMemory at 0x7ffe0c4e0000 of 64 bytes failed: Only part of a ReadProcessMemory or WriteProcessMemory request was completed. (0x12B)
[0626/214655:WARNING:pe_image_reader.cc(280)] could not read dos header from C:\Program Files (x86)\Google\Chrome\Application\51.0.2704.103\chrome_child.dll
[0626/214655:ERROR:process_reader_win.cc(232)] ReadMemory at 0x7ffe455b0000 of 64 bytes failed: Only part of a ReadProcessMemory or WriteProcessMemory request was completed. (0x12B)
[0626/214655:WARNING:pe_image_reader.cc(280)] could not read dos header from C:\Windows\SYSTEM32\dwrite.dll
[0626/214655:ERROR:process_reader_win.cc(98)] process 888 not found
[0626/214655:ERROR:process_reader_win.cc(232)] ReadMemory at 0x7ff65c0c0000 of 64 bytes failed: Only part of a ReadProcessMemory or WriteProcessMemory request was completed. (0x12B)
[0626/214655:WARNING:pe_image_reader.cc(280)] could not read dos header from C:\Program Files (x86)\Google\Chrome\Application\chrome.exe
[0626/214655:ERROR:process_reader_win.cc(232)] ReadMemory at 0x7ffe52cd0000 of 64 bytes failed: Only part of a ReadProcessMemory or WriteProcessMemory request was completed. (0x12B)
[0626/214655:WARNING:pe_image_reader.cc(280)] could not read dos header from C:\Windows\SYSTEM32\ntdll.dll
[0626/214655:ERROR:process_reader_win.cc(232)] ReadMemory at 0x7ffe4fb50000 of 64 bytes failed: Only part of a ReadProcessMemory or WriteProcessMemory request was completed. (0x12B)
[0626/214655:WARNING:pe_image_reader.cc(280)] could not read dos header from C:\Windows\system32\KERNELBASE.dll
[0626/214655:ERROR:process_reader_win.cc(232)] ReadMemory at 0x7ffe508a0000 of 64 bytes failed: Only part of a ReadProcessMemory or WriteProcessMemory request was completed. (0x12B)
[0626/214655:WARNING:pe_image_reader.cc(280)] could not read dos header from C:\Windows\system32\KERNEL32.DLL
[0626/214655:ERROR:process_reader_win.cc(232)] ReadMemory at 0x7ffe52c30000 of 64 bytes failed: Only part of a ReadProcessMemory or WriteProcessMemory request was completed. (0x12B)
[0626/214655:WARNING:pe_image_reader.cc(280)] could not read dos header from C:\Windows\system32\msvcrt.dll
[0626/214655:ERROR:process_reader_win.cc(232)] ReadMemory at 0x7ffe50cf0000 of 64 bytes failed: Only part of a ReadProcessMemory or WriteProcessMemory request was completed. (0x12B)
[0626/214655:WARNING:pe_image_reader.cc(280)] could not read dos header from C:\Windows\system32\RPCRT4.dll
[0626/214655:ERROR:process_reader_win.cc(232)] ReadMemory at 0x7ffe511d0000 of 64 bytes failed: Only part of a ReadProcessMemory or WriteProcessMemory request was completed. (0x12B)
[0626/214655:WARNING:pe_image_reader.cc(280)] could not read dos header from C:\Windows\system32\sechost.dll
[0626/214655:ERROR:process_reader_win.cc(232)] ReadMemory at 0x7ffe50360000 of 64 bytes failed: Only part of a ReadProcessMemory or WriteProcessMemory request was completed. (0x12B)
[0626/214655:WARNING:pe_image_reader.cc(280)] could not read dos header from C:\Windows\system32\ADVAPI32.dll
[0626/214655:ERROR:process_reader_win.cc(232)] ReadMemory at 0x7ffe4f510000 of 64 bytes failed: Only part of a ReadProcessMemory or WriteProcessMemory request was completed. (0x12B)
[0626/214655:WARNING:pe_image_reader.cc(280)] could not read dos header from C:\Windows\SYSTEM32\bcryptPrimitives.dll
[0626/214655:ERROR:process_reader_win.cc(232)] ReadMemory at 0x7ffe4f1f0000 of 64 bytes failed: Only part of a ReadProcessMemory or WriteProcessMemory request was completed. (0x12B)
[0626/214655:WARNING:pe_image_reader.cc(280)] could not read dos header from C:\Windows\SYSTEM32\CRYPTBASE.DLL
[0626/214655:ERROR:process_reader_win.cc(232)] ReadMemory at 0x7ffe28830000 of 64 bytes failed: Only part of a ReadProcessMemory or WriteProcessMemory request was completed. (0x12B)
[0626/214655:WARNING:pe_image_reader.cc(280)] could not read dos header from C:\Program Files (x86)\Google\Chrome\Application\51.0.2704.103\chrome_elf.dll
[0626/214655:ERROR:process_reader_win.cc(232)] ReadMemory at 0x7ffe4e870000 of 64 bytes failed: Only part of a ReadProcessMemory or WriteProcessMemory request was completed. (0x12B)
[0626/214655:WARNING:pe_image_reader.cc(280)] could not read dos header from C:\Windows\SYSTEM32\VERSION.dll
[0626/214655:ERROR:process_reader_win.cc(232)] ReadMemory at 0x7ffe4f930000 of 64 bytes failed: Only part of a ReadProcessMemory or WriteProcessMemory request was completed. (0x12B)
[0626/214655:WARNING:pe_image_reader.cc(280)] could not read dos header from C:\Windows\system32\cfgmgr32.dll
[0626/214655:ERROR:process_reader_win.cc(232)] ReadMemory at 0x7ffe4dfc0000 of 64 bytes failed: Only part of a ReadProcessMemory or WriteProcessMemory request was completed. (0x12B)
[0626/214655:WARNING:pe_image_reader.cc(280)] could not read dos header from C:\Windows\SYSTEM32\DEVOBJ.dll
[0626/214655:ERROR:process_reader_win.cc(232)] ReadMemory at 0x7ffe4d3d0000 of 64 bytes failed: Only part of a ReadProcessMemory or WriteProcessMemory request was completed. (0x12B)
[0626/214655:WARNING:pe_image_reader.cc(280)] could not read dos header from C:\Windows\SYSTEM32\WINMMBASE.dll
[0626/214655:ERROR:process_reader_win.cc(232)] ReadMemory at 0x7ffe50e20000 of 64 bytes failed: Only part of a ReadProcessMemory or WriteProcessMemory request was completed. (0x12B)
[0626/214655:WARNING:pe_image_reader.cc(280)] could not read dos header from C:\Windows\system32\GDI32.dll
[0626/214655:ERROR:process_reader_win.cc(232)] ReadMemory at 0x7ffe512a0000 of 64 bytes failed: Only part of a ReadProcessMemory or WriteProcessMemory request was completed. (0x12B)
[0626/214655:WARNING:pe_image_reader.cc(280)] could not read dos header from C:\Windows\system32\USER32.dll
[0626/214655:ERROR:process_reader_win.cc(232)] ReadMemory at 0x7ffe50740000 of 64 bytes failed: Only part of a ReadProcessMemory or WriteProcessMemory request was completed. (0x12B)
[0626/214655:WARNING:pe_image_reader.cc(280)] could not read dos header from C:\Windows\system32\MSCTF.dll
[0626/214655:ERROR:process_reader_win.cc(232)] ReadMemory at 0x7ffe50480000 of 64 bytes failed: Only part of a ReadProcessMemory or WriteProcessMemory request was completed. (0x12B)
[0626/214655:WARNING:pe_image_reader.cc(280)] could not read dos header from C:\Windows\system32\IMM32.DLL
[0626/214655:ERROR:process_reader_win.cc(232)] ReadMemory at 0x7ffe4d430000 of 64 bytes failed: Only part of a ReadProcessMemory or WriteProcessMemory request was completed. (0x12B)
[0626/214655:WARNING:pe_image_reader.cc(280)] could not read dos header from C:\Windows\SYSTEM32\WINMM.dll
[0626/214655:ERROR:process_reader_win.cc(232)] ReadMemory at 0x7ffe4f6f0000 of 64 bytes failed: Only part of a ReadProcessMemory or WriteProcessMemory request was completed. (0x12B)
[0626/214655:WARNING:pe_image_reader.cc(280)] could not read dos header from C:\Windows\system32\profapi.dll
[0626/214655:ERROR:process_reader_win.cc(232)] ReadMemory at 0x7ffe4ed80000 of 64 bytes failed: Only part of a ReadProcessMemory or WriteProcessMemory request was completed. (0x12B)
[0626/214655:WARNING:pe_image_reader.cc(280)] could not read dos header from C:\Windows\SYSTEM32\USERENV.dll
[0626/214655:ERROR:process_reader_win.cc(232)] ReadMemory at 0x7ffe4cf00000 of 64 bytes failed: Only part of a ReadProcessMemory or WriteProcessMemory request was completed. (0x12B)
[0626/214655:WARNING:pe_image_reader.cc(280)] could not read dos header from C:\Windows\SYSTEM32\WTSAPI32.dll
[0626/214655:ERROR:process_reader_win.cc(232)] ReadMemory at 0x7ffe4c780000 of 64 bytes failed: Only part of a ReadProcessMemory or WriteProcessMemory request was completed. (0x12B)
[0626/214655:WARNING:pe_image_reader.cc(280)] could not read dos header from C:\Windows\SYSTEM32\WINHTTP.dll
[0626/214655:ERROR:process_reader_win.cc(232)] ReadMemory at 0x7ffe504c0000 of 64 bytes failed: Only part of a ReadProcessMemory or WriteProcessMemory request was completed. (0x12B)
[0626/214655:WARNING:pe_image_reader.cc(280)] could not read dos header from C:\Windows\system32\combase.dll
[0626/214655:ERROR:process_reader_win.cc(232)] ReadMemory at 0x7ffe50fb0000 of 64 bytes failed: Only part of a ReadProcessMemory or WriteProcessMemory request was completed. (0x12B)
[0626/214655:WARNING:pe_image_reader.cc(280)] could not read dos header from C:\Windows\system32\shlwapi.dll
[0626/214655:ERROR:process_reader_win.cc(232)] ReadMemory at 0x7ffe4f6e0000 of 64 bytes failed: Only part of a ReadProcessMemory or WriteProcessMemory request was completed. (0x12B)
[0626/214655:WARNING:pe_image_reader.cc(280)] could not read dos header from C:\Windows\system32\kernel.appcore.dll
[0626/214655:ERROR:process_reader_win.cc(232)] ReadMemory at 0x7ffe4fa30000 of 64 bytes failed: Only part of a ReadProcessMemory or WriteProcessMemory request was completed. (0x12B)
[0626/214655:WARNING:pe_image_reader.cc(280)] could not read dos header from C:\Windows\system32\shcore.dll
[0626/214655:ERROR:process_reader_win.cc(232)] ReadMemory at 0x7ffe4f710000 of 64 bytes failed: Only part of a ReadProcessMemory or WriteProcessMemory request was completed. (0x12B)
[0626/214655:WARNING:pe_image_reader.cc(280)] could not read dos header from C:\Windows\system32\powrprof.dll
[0626/214655:ERROR:process_reader_win.cc(232)] ReadMemory at 0x7ffe4fd30000 of 64 bytes failed: Only part of a ReadProcessMemory or WriteProcessMemory request was completed. (0x12B)
[0626/214655:WARNING:pe_image_reader.cc(280)] could not read dos header from C:\Windows\system32\windows.storage.dll
[0626/214655:ERROR:process_reader_win.cc(232)] ReadMemory at 0x7ffe51600000 of 64 bytes failed: Only part of a ReadProcessMemory or WriteProcessMemory request was completed. (0x12B)
[0626/214655:WARNING:pe_image_reader.cc(280)] could not read dos header from C:\Windows\system32\SHELL32.dll
[0626/214655:ERROR:process_reader_win.cc(232)] ReadMemory at 0x7ffe52b70000 of 64 bytes failed: Only part of a ReadProcessMemory or WriteProcessMemory request was completed. (0x12B)
[0626/214655:WARNING:pe_image_reader.cc(280)] could not read dos header from C:\Windows\system32\OLEAUT32.dll
[0626/214655:ERROR:process_reader_win.cc(232)] ReadMemory at 0x7ffe50960000 of 64 bytes failed: Only part of a ReadProcessMemory or WriteProcessMemory request was completed. (0x12B)
[0626/214655:WARNING:pe_image_reader.cc(280)] could not read dos header from C:\Windows\system32\PSAPI.DLL
[0626/214655:ERROR:process_reader_win.cc(232)] ReadMemory at 0x7ffe4f200000 of 64 bytes failed: Only part of a ReadProcessMemory or WriteProcessMemory request was completed. (0x12B)
[0626/214655:WARNING:pe_image_reader.cc(280)] could not read dos header from C:\Windows\SYSTEM32\bcrypt.dll
[0626/214655:ERROR:process_reader_win.cc(232)] ReadMemory at 0x7ffe4aa00000 of 64 bytes failed: Only part of a ReadProcessMemory or WriteProcessMemory request was completed. (0x12B)
[0626/214655:WARNING:pe_image_reader.cc(280)] could not read dos header from C:\Windows\SYSTEM32\WINSPOOL.DRV
[0626/214655:ERROR:process_reader_win.cc(232)] ReadMemory at 0x7ffe4b7c0000 of 64 bytes failed: Only part of a ReadProcessMemory or WriteProcessMemory request was completed. (0x12B)
[0626/214655:WARNING:pe_image_reader.cc(280)] could not read dos header from C:\Windows\WinSxS\amd64_microsoft.windows.common-controls_6595b64144ccf1df_6.0.10240.16384_none_f41f7b285750ef43\COMCTL32.dll
[0626/214655:ERROR:process_reader_win.cc(232)] ReadMemory at 0x7ffe513f0000 of 64 bytes failed: Only part of a ReadProcessMemory or WriteProcessMemory request was completed. (0x12B)
[0626/214655:WARNING:pe_image_reader.cc(280)] could not read dos header from C:\Windows\system32\COMDLG32.dll
[0626/214655:ERROR:process_reader_win.cc(232)] ReadMemory at 0x7ffe51080000 of 64 bytes failed: Only part of a ReadProcessMemory or WriteProcessMemory request was completed. (0x12B)
[0626/214655:WARNING:pe_image_reader.cc(280)] could not read dos header from C:\Windows\system32\ole32.dll
[0626/214655:ERROR:process_reader_win.cc(232)] ReadMemory at 0x7ffe51230000 of 64 bytes failed: Only part of a ReadProcessMemory or WriteProcessMemory request was completed. (0x12B)
[0626/214655:WARNING:pe_image_reader.cc(280)] could not read dos header from C:\Windows\system32\NSI.dll
[0626/214655:ERROR:process_reader_win.cc(232)] ReadMemory at 0x7ffe4c750000 of 64 bytes failed: Only part of a ReadProcessMemory or WriteProcessMemory request was completed. (0x12B)
[0626/214655:WARNING:pe_image_reader.cc(280)] could not read dos header from C:\Windows\SYSTEM32\WINNSI.DLL
[0626/214655:ERROR:process_reader_win.cc(232)] ReadMemory at 0x7ffe4c8c0000 of 64 bytes failed: Only part of a ReadProcessMemory or WriteProcessMemory request was completed. (0x12B)
[0626/214655:WARNING:pe_image_reader.cc(280)] could not read dos header from C:\Windows\SYSTEM32\IPHLPAPI.DLL
[0626/214655:ERROR:process_reader_win.cc(232)] ReadMemory at 0x7ffe51010000 of 64 bytes failed: Only part of a ReadProcessMemory or WriteProcessMemory request was completed. (0x12B)
[0626/214655:WARNING:pe_image_reader.cc(280)] could not read dos header from C:\Windows\system32\WS2_32.dll
[0626/214655:ERROR:process_reader_win.cc(232)] ReadMemory at 0x7ffe4c4a0000 of 64 bytes failed: Only part of a ReadProcessMemory or WriteProcessMemory request was completed. (0x12B)
[0626/214655:WARNING:pe_image_reader.cc(280)] could not read dos header from C:\Windows\SYSTEM32\USP10.dll
[0626/214655:ERROR:process_reader_win.cc(232)] ReadMemory at 0x7ffe4f6c0000 of 64 bytes failed: Only part of a ReadProcessMemory or WriteProcessMemory request was completed. (0x12B)
[0626/214655:WARNING:pe_image_reader.cc(280)] could not read dos header from C:\Windows\system32\MSASN1.dll
[0626/214655:ERROR:process_reader_win.cc(232)] ReadMemory at 0x7ffe4f760000 of 64 bytes failed: Only part of a ReadProcessMemory or WriteProcessMemory request was completed. (0x12B)
[0626/214655:WARNING:pe_image_reader.cc(280)] could not read dos header from C:\Windows\system32\CRYPT32.dll
[0626/214655:ERROR:process_reader_win.cc(232)] ReadMemory at 0x7ffe4faf0000 of 64 bytes failed: Only part of a ReadProcessMemory or WriteProcessMemory request was completed. (0x12B)
[0626/214655:WARNING:pe_image_reader.cc(280)] could not read dos header from C:\Windows\system32\WINTRUST.dll
[0626/214655:ERROR:process_reader_win.cc(232)] ReadMemory at 0x7ffe4c740000 of 64 bytes failed: Only part of a ReadProcessMemory or WriteProcessMemory request was completed. (0x12B)
[0626/214655:WARNING:pe_image_reader.cc(280)] could not read dos header from C:\Windows\SYSTEM32\Secur32.dll
[0626/214655:ERROR:process_reader_win.cc(232)] ReadMemory at 0x7ffe4f310000 of 64 bytes failed: Only part of a ReadProcessMemory or WriteProcessMemory request was completed. (0x12B)
[0626/214655:WARNING:pe_image_reader.cc(280)] could not read dos header from C:\Windows\SYSTEM32\SSPICLI.DLL
[0626/214655:ERROR:process_reader_win.cc(232)] ReadMemory at 0x7ffe0c4e0000 of 64 bytes failed: Only part of a ReadProcessMemory or WriteProcessMemory request was completed. (0x12B)
[0626/214655:WARNING:pe_image_reader.cc(280)] could not read dos header from C:\Program Files (x86)\Google\Chrome\Application\51.0.2704.103\chrome_child.dll
[0626/214655:ERROR:process_reader_win.cc(232)] ReadMemory at 0x7ffe455b0000 of 64 bytes failed: Only part of a ReadProcessMemory or WriteProcessMemory request was completed. (0x12B)
[0626/214655:WARNING:pe_image_reader.cc(280)] could not read dos header from C:\Windows\SYSTEM32\dwrite.dll
[0626/214655:ERROR:process_reader_win.cc(232)] ReadMemory at 0x7ff65c1a1910 of 12 bytes failed: Only part of a ReadProcessMemory or WriteProcessMemory request was completed. (0x12B)
[0626/214655:WARNING:process_snapshot_win.cc(102)] ReadMemory ExceptionInformation failed
[0626/214655:WARNING:crash_report_exception_handler.cc(60)] ProcessSnapshotWin::InitializeException failed
[0626/214655:ERROR:scoped_process_suspend.cc(38)] NtResumeProcess, ntstatus=-1073741558
